2026-03-31 14:03:42,036 INFO o.a.j.u.JMeterUtils: Setting Locale to en_EN
2026-03-31 14:03:42,128 INFO o.a.j.JMeter: Loading user properties from: C:\apache-jmeter-5.6.3\bin\user.properties
2026-03-31 14:03:42,144 INFO o.a.j.JMeter: Loading system properties from: C:\apache-jmeter-5.6.3\bin\system.properties
2026-03-31 14:03:42,159 INFO o.a.j.JMeter: Copyright (c) 1998-2024 The Apache Software Foundation
2026-03-31 14:03:42,159 INFO o.a.j.JMeter: Version 5.6.3
2026-03-31 14:03:42,159 INFO o.a.j.JMeter: java.version=17.0.12
2026-03-31 14:03:42,159 INFO o.a.j.JMeter: java.vm.name=Java HotSpot(TM) 64-Bit Server VM
2026-03-31 14:03:42,159 INFO o.a.j.JMeter: os.name=Windows 10
2026-03-31 14:03:42,159 INFO o.a.j.JMeter: os.arch=amd64
2026-03-31 14:03:42,159 INFO o.a.j.JMeter: os.version=10.0
2026-03-31 14:03:42,159 INFO o.a.j.JMeter: file.encoding=Cp1252
2026-03-31 14:03:42,159 INFO o.a.j.JMeter: java.awt.headless=null
2026-03-31 14:03:42,159 INFO o.a.j.JMeter: Max memory     =1073741824
2026-03-31 14:03:42,159 INFO o.a.j.JMeter: Available Processors =4
2026-03-31 14:03:42,192 INFO o.a.j.JMeter: Default Locale=English (EN)
2026-03-31 14:03:42,192 INFO o.a.j.JMeter: JMeter  Locale=English (EN)
2026-03-31 14:03:42,192 INFO o.a.j.JMeter: JMeterHome=C:\apache-jmeter-5.6.3
2026-03-31 14:03:42,192 INFO o.a.j.JMeter: user.dir  =C:\Users\Administrator\Desktop\QualityEnginner-FullStack\jobportal
2026-03-31 14:03:42,192 INFO o.a.j.JMeter: PWD       =C:\Users\Administrator\Desktop\QualityEnginner-FullStack\jobportal
2026-03-31 14:03:42,221 INFO o.a.j.JMeter: IP: 172.19.11.221 Name: eba69cd956b3572 FullName: 172.19.11.221
2026-03-31 14:03:42,292 INFO o.a.j.JMeter: Loaded icon properties from org/apache/jmeter/images/icon.properties
2026-03-31 14:03:43,315 INFO o.a.j.JMeterGuiLauncher: Setting LAF to: com.github.weisj.darklaf.DarkLaf:com.github.weisj.darklaf.theme.DarculaTheme
2026-03-31 14:06:58,189 INFO o.a.j.s.FileServer: Default base='C:\Users\Administrator\Desktop\QualityEnginner-FullStack\jobportal'
2026-03-31 14:12:04,772 INFO o.a.j.p.h.s.HTTPSamplerBase: Parser for text/html is org.apache.jmeter.protocol.http.parser.LagartoBasedHtmlParser
2026-03-31 14:12:04,773 INFO o.a.j.p.h.s.HTTPSamplerBase: Parser for application/xhtml+xml is org.apache.jmeter.protocol.http.parser.LagartoBasedHtmlParser
2026-03-31 14:12:04,773 INFO o.a.j.p.h.s.HTTPSamplerBase: Parser for application/xml is org.apache.jmeter.protocol.http.parser.LagartoBasedHtmlParser
2026-03-31 14:12:04,773 INFO o.a.j.p.h.s.HTTPSamplerBase: Parser for text/xml is org.apache.jmeter.protocol.http.parser.LagartoBasedHtmlParser
2026-03-31 14:12:04,773 INFO o.a.j.p.h.s.HTTPSamplerBase: Parser for text/vnd.wap.wml is org.apache.jmeter.protocol.http.parser.RegexpHTMLParser
2026-03-31 14:12:04,773 INFO o.a.j.p.h.s.HTTPSamplerBase: Parser for text/css is org.apache.jmeter.protocol.http.parser.CssParser
2026-03-31 14:12:24,082 INFO o.a.j.e.StandardJMeterEngine: Running the test!
2026-03-31 14:12:24,082 INFO o.a.j.s.SampleEvent: List of sample_variables: []
2026-03-31 14:12:24,082 INFO o.a.j.s.SampleEvent: List of sample_variables: []
2026-03-31 14:12:24,082 INFO o.a.j.e.u.CompoundVariable: Note: Function class names must contain the string: '.functions.'
2026-03-31 14:12:24,082 INFO o.a.j.e.u.CompoundVariable: Note: Function class names must not contain the string: '.gui.'
2026-03-31 14:12:25,066 INFO o.a.j.g.u.JMeterMenuBar: setRunning(true, *local*)
2026-03-31 14:12:25,147 INFO o.a.j.e.StandardJMeterEngine: Starting ThreadGroup: 1 : Thread Group
2026-03-31 14:12:25,147 INFO o.a.j.e.StandardJMeterEngine: Starting 1 threads for group Thread Group.
2026-03-31 14:12:25,147 INFO o.a.j.e.StandardJMeterEngine: Thread will continue on error
2026-03-31 14:12:25,147 INFO o.a.j.t.ThreadGroup: Starting thread group... number=1 threads=1 ramp-up=1 delayedStart=false
2026-03-31 14:12:25,149 INFO o.a.j.t.ThreadGroup: Started thread group number 1
2026-03-31 14:12:25,150 INFO o.a.j.e.StandardJMeterEngine: All thread groups have been started
2026-03-31 14:12:25,151 INFO o.a.j.t.JMeterThread: Thread started: Thread Group 1-1
2026-03-31 14:12:25,472 INFO o.a.j.p.h.s.HTTPHCAbstractImpl: Local host = eba69cd956b3572
2026-03-31 14:12:25,597 INFO o.a.j.p.h.s.HTTPHC4Impl: HTTP request retry count = 0
2026-03-31 14:12:25,597 INFO o.a.j.s.SampleResult: Note: Sample TimeStamps are START times
2026-03-31 14:12:25,597 INFO o.a.j.s.SampleResult: sampleresult.default.encoding is set to UTF-8
2026-03-31 14:12:25,597 INFO o.a.j.s.SampleResult: sampleresult.useNanoTime=true
2026-03-31 14:12:25,597 INFO o.a.j.s.SampleResult: sampleresult.nanoThreadSleep=5000
2026-03-31 14:12:26,941 INFO o.a.j.t.JMeterThread: Thread is done: Thread Group 1-1
2026-03-31 14:12:26,941 INFO o.a.j.t.JMeterThread: Thread finished: Thread Group 1-1
2026-03-31 14:12:26,941 INFO o.a.j.e.StandardJMeterEngine: Notifying test listeners of end of test
2026-03-31 14:12:26,941 INFO o.a.j.g.u.JMeterMenuBar: setRunning(false, *local*)
2026-03-31 14:13:38,925 INFO o.a.j.s.FileServer: Set new base='C:\Users\Administrator\Desktop\QualityEnginner-FullStack\jobportal'
2026-03-31 14:13:39,191 INFO o.a.j.s.SaveService: Testplan (JMX) version: 2.2. Testlog (JTL) version: 2.2
2026-03-31 14:13:39,246 INFO o.a.j.s.SaveService: Using SaveService properties version 5.0
2026-03-31 14:13:39,248 INFO o.a.j.s.SaveService: Using SaveService properties file encoding UTF-8
2026-03-31 14:13:39,280 INFO o.a.j.e.StandardJMeterEngine: Running the test!
2026-03-31 14:13:39,281 INFO o.a.j.s.SampleEvent: List of sample_variables: []
2026-03-31 14:13:39,282 INFO o.a.j.g.u.JMeterMenuBar: setRunning(true, *local*)
2026-03-31 14:13:39,348 INFO o.a.j.e.StandardJMeterEngine: Starting ThreadGroup: 1 : Thread Group
2026-03-31 14:13:39,349 INFO o.a.j.e.StandardJMeterEngine: Starting 1 threads for group Thread Group.
2026-03-31 14:13:39,351 INFO o.a.j.e.StandardJMeterEngine: Thread will continue on error
2026-03-31 14:13:39,351 INFO o.a.j.t.ThreadGroup: Starting thread group... number=1 threads=1 ramp-up=1 delayedStart=false
2026-03-31 14:13:39,354 INFO o.a.j.t.ThreadGroup: Started thread group number 1
2026-03-31 14:13:39,354 INFO o.a.j.e.StandardJMeterEngine: All thread groups have been started
2026-03-31 14:13:39,354 INFO o.a.j.t.JMeterThread: Thread started: Thread Group 1-1
2026-03-31 14:13:39,488 INFO o.a.j.t.JMeterThread: Thread is done: Thread Group 1-1
2026-03-31 14:13:39,488 INFO o.a.j.t.JMeterThread: Thread finished: Thread Group 1-1
2026-03-31 14:13:39,488 INFO o.a.j.e.StandardJMeterEngine: Notifying test listeners of end of test
2026-03-31 14:13:39,488 INFO o.a.j.g.u.JMeterMenuBar: setRunning(false, *local*)
2026-03-31 14:13:42,394 INFO o.a.j.e.StandardJMeterEngine: Running the test!
2026-03-31 14:13:42,394 INFO o.a.j.s.SampleEvent: List of sample_variables: []
2026-03-31 14:13:42,394 INFO o.a.j.g.u.JMeterMenuBar: setRunning(true, *local*)
2026-03-31 14:13:42,425 INFO o.a.j.e.StandardJMeterEngine: Starting ThreadGroup: 1 : Thread Group
2026-03-31 14:13:42,425 INFO o.a.j.e.StandardJMeterEngine: Starting 1 threads for group Thread Group.
2026-03-31 14:13:42,425 INFO o.a.j.e.StandardJMeterEngine: Thread will continue on error
2026-03-31 14:13:42,425 INFO o.a.j.t.ThreadGroup: Starting thread group... number=1 threads=1 ramp-up=1 delayedStart=false
2026-03-31 14:13:42,425 INFO o.a.j.t.ThreadGroup: Started thread group number 1
2026-03-31 14:13:42,425 INFO o.a.j.e.StandardJMeterEngine: All thread groups have been started
2026-03-31 14:13:42,425 INFO o.a.j.t.JMeterThread: Thread started: Thread Group 1-1
2026-03-31 14:13:42,441 INFO o.a.j.t.JMeterThread: Thread is done: Thread Group 1-1
2026-03-31 14:13:42,441 INFO o.a.j.t.JMeterThread: Thread finished: Thread Group 1-1
2026-03-31 14:13:42,441 INFO o.a.j.e.StandardJMeterEngine: Notifying test listeners of end of test
2026-03-31 14:13:42,441 INFO o.a.j.g.u.JMeterMenuBar: setRunning(false, *local*)
2026-03-31 14:14:02,795 INFO o.a.j.e.StandardJMeterEngine: Running the test!
2026-03-31 14:14:02,795 INFO o.a.j.s.SampleEvent: List of sample_variables: []
2026-03-31 14:14:02,796 INFO o.a.j.g.u.JMeterMenuBar: setRunning(true, *local*)
2026-03-31 14:14:02,832 INFO o.a.j.e.StandardJMeterEngine: Starting ThreadGroup: 1 : Thread Group
2026-03-31 14:14:02,832 INFO o.a.j.e.StandardJMeterEngine: Starting 1 threads for group Thread Group.
2026-03-31 14:14:02,832 INFO o.a.j.e.StandardJMeterEngine: Thread will continue on error
2026-03-31 14:14:02,832 INFO o.a.j.t.ThreadGroup: Starting thread group... number=1 threads=1 ramp-up=1 delayedStart=false
2026-03-31 14:14:02,832 INFO o.a.j.t.ThreadGroup: Started thread group number 1
2026-03-31 14:14:02,832 INFO o.a.j.e.StandardJMeterEngine: All thread groups have been started
2026-03-31 14:14:02,832 INFO o.a.j.t.JMeterThread: Thread started: Thread Group 1-1
2026-03-31 14:14:02,832 INFO o.a.j.t.JMeterThread: Thread is done: Thread Group 1-1
2026-03-31 14:14:02,832 INFO o.a.j.t.JMeterThread: Thread finished: Thread Group 1-1
2026-03-31 14:14:02,832 INFO o.a.j.e.StandardJMeterEngine: Notifying test listeners of end of test
2026-03-31 14:14:02,832 INFO o.a.j.g.u.JMeterMenuBar: setRunning(false, *local*)
2026-03-31 14:14:11,941 INFO o.a.j.e.StandardJMeterEngine: Running the test!
2026-03-31 14:14:11,941 INFO o.a.j.s.SampleEvent: List of sample_variables: []
2026-03-31 14:14:11,941 INFO o.a.j.g.u.JMeterMenuBar: setRunning(true, *local*)
2026-03-31 14:14:11,972 INFO o.a.j.e.StandardJMeterEngine: Starting ThreadGroup: 1 : Thread Group
2026-03-31 14:14:11,972 INFO o.a.j.e.StandardJMeterEngine: Starting 1 threads for group Thread Group.
2026-03-31 14:14:11,972 INFO o.a.j.e.StandardJMeterEngine: Thread will continue on error
2026-03-31 14:14:11,972 INFO o.a.j.t.ThreadGroup: Starting thread group... number=1 threads=1 ramp-up=1 delayedStart=false
2026-03-31 14:14:11,972 INFO o.a.j.t.ThreadGroup: Started thread group number 1
2026-03-31 14:14:11,972 INFO o.a.j.e.StandardJMeterEngine: All thread groups have been started
2026-03-31 14:14:11,972 INFO o.a.j.t.JMeterThread: Thread started: Thread Group 1-1
2026-03-31 14:14:11,986 INFO o.a.j.t.JMeterThread: Thread is done: Thread Group 1-1
2026-03-31 14:14:11,986 INFO o.a.j.t.JMeterThread: Thread finished: Thread Group 1-1
2026-03-31 14:14:11,986 INFO o.a.j.e.StandardJMeterEngine: Notifying test listeners of end of test
2026-03-31 14:14:11,986 INFO o.a.j.g.u.JMeterMenuBar: setRunning(false, *local*)
2026-03-31 14:14:17,129 INFO o.a.j.e.StandardJMeterEngine: Running the test!
2026-03-31 14:14:17,129 INFO o.a.j.s.SampleEvent: List of sample_variables: []
2026-03-31 14:14:17,129 INFO o.a.j.g.u.JMeterMenuBar: setRunning(true, *local*)
2026-03-31 14:14:17,176 INFO o.a.j.e.StandardJMeterEngine: Starting ThreadGroup: 1 : Thread Group
2026-03-31 14:14:17,176 INFO o.a.j.e.StandardJMeterEngine: Starting 1 threads for group Thread Group.
2026-03-31 14:14:17,176 INFO o.a.j.e.StandardJMeterEngine: Thread will continue on error
2026-03-31 14:14:17,176 INFO o.a.j.t.ThreadGroup: Starting thread group... number=1 threads=1 ramp-up=1 delayedStart=false
2026-03-31 14:14:17,176 INFO o.a.j.t.ThreadGroup: Started thread group number 1
2026-03-31 14:14:17,176 INFO o.a.j.e.StandardJMeterEngine: All thread groups have been started
2026-03-31 14:14:17,176 INFO o.a.j.t.JMeterThread: Thread started: Thread Group 1-1
2026-03-31 14:14:17,185 INFO o.a.j.t.JMeterThread: Thread is done: Thread Group 1-1
2026-03-31 14:14:17,185 INFO o.a.j.t.JMeterThread: Thread finished: Thread Group 1-1
2026-03-31 14:14:17,185 INFO o.a.j.e.StandardJMeterEngine: Notifying test listeners of end of test
2026-03-31 14:14:17,185 INFO o.a.j.g.u.JMeterMenuBar: setRunning(false, *local*)
2026-03-31 14:14:53,903 INFO o.a.j.e.StandardJMeterEngine: Running the test!
2026-03-31 14:14:53,903 INFO o.a.j.s.SampleEvent: List of sample_variables: []
2026-03-31 14:14:53,904 INFO o.a.j.g.u.JMeterMenuBar: setRunning(true, *local*)
2026-03-31 14:14:53,941 INFO o.a.j.e.StandardJMeterEngine: Starting ThreadGroup: 1 : Thread Group
2026-03-31 14:14:53,941 INFO o.a.j.e.StandardJMeterEngine: Starting 4 threads for group Thread Group.
2026-03-31 14:14:53,941 INFO o.a.j.e.StandardJMeterEngine: Thread will continue on error
2026-03-31 14:14:53,941 INFO o.a.j.t.ThreadGroup: Starting thread group... number=1 threads=4 ramp-up=1 delayedStart=false
2026-03-31 14:14:53,941 INFO o.a.j.t.ThreadGroup: Started thread group number 1
2026-03-31 14:14:53,941 INFO o.a.j.e.StandardJMeterEngine: All thread groups have been started
2026-03-31 14:14:53,941 INFO o.a.j.t.JMeterThread: Thread started: Thread Group 1-1
2026-03-31 14:14:53,950 INFO o.a.j.t.JMeterThread: Thread is done: Thread Group 1-1
2026-03-31 14:14:53,950 INFO o.a.j.t.JMeterThread: Thread finished: Thread Group 1-1
2026-03-31 14:14:54,198 INFO o.a.j.t.JMeterThread: Thread started: Thread Group 1-2
2026-03-31 14:14:54,198 INFO o.a.j.t.JMeterThread: Thread is done: Thread Group 1-2
2026-03-31 14:14:54,198 INFO o.a.j.t.JMeterThread: Thread finished: Thread Group 1-2
2026-03-31 14:14:54,447 INFO o.a.j.t.JMeterThread: Thread started: Thread Group 1-3
2026-03-31 14:14:54,452 INFO o.a.j.t.JMeterThread: Thread is done: Thread Group 1-3
2026-03-31 14:14:54,452 INFO o.a.j.t.JMeterThread: Thread finished: Thread Group 1-3
2026-03-31 14:14:54,696 INFO o.a.j.t.JMeterThread: Thread started: Thread Group 1-4
2026-03-31 14:14:54,702 INFO o.a.j.t.JMeterThread: Thread is done: Thread Group 1-4
2026-03-31 14:14:54,702 INFO o.a.j.t.JMeterThread: Thread finished: Thread Group 1-4
2026-03-31 14:14:54,702 INFO o.a.j.e.StandardJMeterEngine: Notifying test listeners of end of test
2026-03-31 14:14:54,703 INFO o.a.j.g.u.JMeterMenuBar: setRunning(false, *local*)
2026-03-31 14:15:08,098 INFO o.a.j.e.StandardJMeterEngine: Running the test!
2026-03-31 14:15:08,098 INFO o.a.j.s.SampleEvent: List of sample_variables: []
2026-03-31 14:15:08,098 INFO o.a.j.g.u.JMeterMenuBar: setRunning(true, *local*)
2026-03-31 14:15:08,129 INFO o.a.j.e.StandardJMeterEngine: Starting ThreadGroup: 1 : Thread Group
2026-03-31 14:15:08,129 INFO o.a.j.e.StandardJMeterEngine: Starting 4 threads for group Thread Group.
2026-03-31 14:15:08,129 INFO o.a.j.e.StandardJMeterEngine: Thread will continue on error
2026-03-31 14:15:08,129 INFO o.a.j.t.ThreadGroup: Starting thread group... number=1 threads=4 ramp-up=2 delayedStart=false
2026-03-31 14:15:08,144 INFO o.a.j.t.ThreadGroup: Started thread group number 1
2026-03-31 14:15:08,144 INFO o.a.j.e.StandardJMeterEngine: All thread groups have been started
2026-03-31 14:15:08,147 INFO o.a.j.t.JMeterThread: Thread started: Thread Group 1-1
2026-03-31 14:15:08,154 INFO o.a.j.t.JMeterThread: Thread is done: Thread Group 1-1
2026-03-31 14:15:08,154 INFO o.a.j.t.JMeterThread: Thread finished: Thread Group 1-1
2026-03-31 14:15:08,632 INFO o.a.j.t.JMeterThread: Thread started: Thread Group 1-2
2026-03-31 14:15:08,637 INFO o.a.j.t.JMeterThread: Thread is done: Thread Group 1-2
2026-03-31 14:15:08,637 INFO o.a.j.t.JMeterThread: Thread finished: Thread Group 1-2
2026-03-31 14:15:09,132 INFO o.a.j.t.JMeterThread: Thread started: Thread Group 1-3
2026-03-31 14:15:09,132 INFO o.a.j.t.JMeterThread: Thread is done: Thread Group 1-3
2026-03-31 14:15:09,132 INFO o.a.j.t.JMeterThread: Thread finished: Thread Group 1-3
2026-03-31 14:15:09,632 INFO o.a.j.t.JMeterThread: Thread started: Thread Group 1-4
2026-03-31 14:15:09,632 INFO o.a.j.t.JMeterThread: Thread is done: Thread Group 1-4
2026-03-31 14:15:09,632 INFO o.a.j.t.JMeterThread: Thread finished: Thread Group 1-4
2026-03-31 14:15:09,632 INFO o.a.j.e.StandardJMeterEngine: Notifying test listeners of end of test
2026-03-31 14:15:09,632 INFO o.a.j.g.u.JMeterMenuBar: setRunning(false, *local*)
2026-03-31 14:17:50,113 INFO o.a.j.e.StandardJMeterEngine: Running the test!
2026-03-31 14:17:50,129 INFO o.a.j.s.SampleEvent: List of sample_variables: []
2026-03-31 14:17:50,129 INFO o.a.j.g.u.JMeterMenuBar: setRunning(true, *local*)
2026-03-31 14:17:50,160 INFO o.a.j.e.StandardJMeterEngine: Starting ThreadGroup: 1 : Thread Group
2026-03-31 14:17:50,160 INFO o.a.j.e.StandardJMeterEngine: Starting 4 threads for group Thread Group.
2026-03-31 14:17:50,160 INFO o.a.j.e.StandardJMeterEngine: Thread will continue on error
2026-03-31 14:17:50,160 INFO o.a.j.t.ThreadGroup: Starting thread group... number=1 threads=4 ramp-up=2 delayedStart=false
2026-03-31 14:17:50,160 INFO o.a.j.t.JMeterThread: Thread started: Thread Group 1-1
2026-03-31 14:17:50,160 INFO o.a.j.t.ThreadGroup: Started thread group number 1
2026-03-31 14:17:50,167 INFO o.a.j.e.StandardJMeterEngine: All thread groups have been started
2026-03-31 14:17:50,177 INFO o.a.j.t.JMeterThread: Thread is done: Thread Group 1-1
2026-03-31 14:17:50,177 INFO o.a.j.t.JMeterThread: Thread finished: Thread Group 1-1
2026-03-31 14:17:50,676 INFO o.a.j.t.JMeterThread: Thread started: Thread Group 1-2
2026-03-31 14:17:50,685 INFO o.a.j.t.JMeterThread: Thread is done: Thread Group 1-2
2026-03-31 14:17:50,685 INFO o.a.j.t.JMeterThread: Thread finished: Thread Group 1-2
2026-03-31 14:17:51,176 INFO o.a.j.t.JMeterThread: Thread started: Thread Group 1-3
2026-03-31 14:17:51,181 INFO o.a.j.t.JMeterThread: Thread is done: Thread Group 1-3
2026-03-31 14:17:51,181 INFO o.a.j.t.JMeterThread: Thread finished: Thread Group 1-3
2026-03-31 14:17:51,667 INFO o.a.j.t.JMeterThread: Thread started: Thread Group 1-4
2026-03-31 14:17:51,667 INFO o.a.j.t.JMeterThread: Thread is done: Thread Group 1-4
2026-03-31 14:17:51,667 INFO o.a.j.t.JMeterThread: Thread finished: Thread Group 1-4
2026-03-31 14:17:51,667 INFO o.a.j.e.StandardJMeterEngine: Notifying test listeners of end of test
2026-03-31 14:17:51,667 INFO o.a.j.g.u.JMeterMenuBar: setRunning(false, *local*)
